0 info it worked if it ends with ok
1 verbose cli [ '/usr/bin/node', '/usr/bin/npm', 'install', 'nodejs', '--save' ]
2 info using npm@1.4.3
3 info using node@v0.10.26
4 verbose node symlink /usr/bin/node
5 warn package.json node@0.0.0 No description
6 warn package.json node@0.0.0 No repository field.
7 verbose readDependencies using package.json deps
8 verbose cache add [ 'nodejs', null ]
9 verbose cache add name=undefined spec="nodejs" args=["nodejs",null]
10 verbose parsed url { protocol: null,
10 verbose parsed url   slashes: null,
10 verbose parsed url   auth: null,
10 verbose parsed url   host: null,
10 verbose parsed url   port: null,
10 verbose parsed url   hostname: null,
10 verbose parsed url   hash: null,
10 verbose parsed url   search: null,
10 verbose parsed url   query: null,
10 verbose parsed url   pathname: 'nodejs',
10 verbose parsed url   path: 'nodejs',
10 verbose parsed url   href: 'nodejs' }
11 silly lockFile 9690950b-nodejs nodejs
12 verbose lock nodejs /home/jethro/.npm/9690950b-nodejs.lock
13 silly lockFile 9690950b-nodejs nodejs
14 silly lockFile 9690950b-nodejs nodejs
15 verbose addNamed [ 'nodejs', '' ]
16 verbose addNamed [ null, '*' ]
17 silly lockFile a2ebca96-nodejs nodejs@
18 verbose lock nodejs@ /home/jethro/.npm/a2ebca96-nodejs.lock
19 silly addNameRange { name: 'nodejs', range: '*', hasData: false }
20 verbose url raw nodejs
21 verbose url resolving [ 'https://registry.npmjs.org/', './nodejs' ]
22 verbose url resolved https://registry.npmjs.org/nodejs
23 info trying registry request attempt 1 at 01:35:07
24 http GET https://registry.npmjs.org/nodejs
25 http 404 https://registry.npmjs.org/nodejs
26 silly registry.get cb [ 404,
26 silly registry.get   { date: 'Thu, 01 May 2014 08:35:07 GMT',
26 silly registry.get     server: 'CouchDB/1.6.0+build.fauxton-91-g5a2864b (Erlang OTP/R14B04)',
26 silly registry.get     'content-type': 'application/json',
26 silly registry.get     via: '1.1 varnish',
26 silly registry.get     'cache-control': 'max-age=0',
26 silly registry.get     'content-length': '52',
26 silly registry.get     'accept-ranges': 'bytes',
26 silly registry.get     age: '0',
26 silly registry.get     'x-served-by': 'cache-v43-ASH, cache-sv61-SJC3',
26 silly registry.get     'x-cache': 'MISS, MISS',
26 silly registry.get     'x-cache-hits': '0, 0',
26 silly registry.get     'x-timer': 'S1398933307.690898895,VS0,VS37,VE133,VE171',
26 silly registry.get     'keep-alive': 'timeout=10, max=50',
26 silly registry.get     connection: 'Keep-Alive' } ]
27 silly lockFile a2ebca96-nodejs nodejs@
28 silly lockFile a2ebca96-nodejs nodejs@
29 error 404 'nodejs' is not in the npm registry.
29 error 404 You should bug the author to publish it
29 error 404 It was specified as a dependency of 'chungman.kim'
29 error 404
29 error 404 Note that you can also install from a
29 error 404 tarball, folder, or http url, or git url.
30 error System Linux 3.13.0-24-generic
31 error command "/usr/bin/node" "/usr/bin/npm" "install" "nodejs" "--save"
32 error cwd /home/jethro/dev/personal
33 error node -v v0.10.26
34 error npm -v 1.4.3
35 error code E404
36 verbose exit [ 1, true ]
